Started GET "/" for ::1 at 2020-09-29 16:44:08 -0500
  [1m[35m (1.9ms)[0m  [1m[34mSELECT sqlite_version(*)[0m
Processing by Rails::WelcomeController#index as HTML
  Rendering /home/jhonatan/.ruby/gems/railties-6.0.3.3/lib/rails/templates/rails/welcome/index.html.erb
  Rendered /home/jhonatan/.ruby/gems/railties-6.0.3.3/lib/rails/templates/rails/welcome/index.html.erb (Duration: 11.9ms | Allocations: 407)
Completed 200 OK in 33ms (Views: 22.1ms | ActiveRecord: 0.0ms | Allocations: 2504)


  [1m[35m (3.4ms)[0m  [1m[34mSELECT sqlite_version(*)[0m
  [1m[35m (7.6ms)[0m  [1m[35mCREATE TABLE "schema_migrations" ("version" varchar NOT NULL PRIMARY KEY)[0m
  [1m[35m (5.8ms)[0m  [1m[35mCREATE TABLE "ar_internal_metadata" ("key" varchar NOT NULL PRIMARY KEY, "value" varchar, "created_at" datetime(6) NOT NULL, "updated_at" datetime(6) NOT NULL)[0m
  [1m[35m (0.7ms)[0m  [1m[34mSELECT "schema_migrations"."version" FROM "schema_migrations" ORDER BY "schema_migrations"."version" ASC[0m
Migrating to CreatePosts (20200929214651)
  [1m[35m (0.1ms)[0m  [1m[36mbegin transaction[0m
  [1m[35m (0.6ms)[0m  [1m[35mCREATE TABLE "posts" ("id" integer PRIMARY KEY AUTOINCREMENT NOT NULL, "title" varchar, "body" text, "created_at" datetime(6) NOT NULL, "updated_at" datetime(6) NOT NULL)[0m
  [1m[36mprimary::SchemaMigration Create (0.5ms)[0m  [1m[32mINSERT INTO "schema_migrations" ("version") VALUES (?)[0m  [["version", "20200929214651"]]
  [1m[35m (4.1ms)[0m  [1m[36mcommit transaction[0m
  [1m[36mActiveRecord::InternalMetadata Load (0.4ms)[0m  [1m[34mSELECT "ar_internal_metadata".* FROM "ar_internal_metadata" WHERE "ar_internal_metadata"."key" = ? LIMIT ?[0m  [["key", "environment"], ["LIMIT", 1]]
  [1m[35m (0.1ms)[0m  [1m[36mbegin transaction[0m
  [1m[36mActiveRecord::InternalMetadata Create (0.3ms)[0m  [1m[32mINSERT INTO "ar_internal_metadata" ("key", "value", "created_at", "updated_at") VALUES (?, ?, ?, ?)[0m  [["key", "environment"], ["value", "development"], ["created_at", "2020-09-29 21:51:30.951690"], ["updated_at", "2020-09-29 21:51:30.951690"]]
  [1m[35m (3.2ms)[0m  [1m[36mcommit transaction[0m
  [1m[35m (0.3ms)[0m  [1m[34mSELECT sqlite_version(*)[0m
  [1m[35m (0.2ms)[0m  [1m[34mSELECT "schema_migrations"."version" FROM "schema_migrations" ORDER BY "schema_migrations"."version" ASC[0m
Started GET "/" for ::1 at 2020-09-29 16:53:19 -0500
  [1m[35m (0.1ms)[0m  [1m[34mSELECT sqlite_version(*)[0m
  [1m[35m (0.4ms)[0m  [1m[34mSELECT "schema_migrations"."version" FROM "schema_migrations" ORDER BY "schema_migrations"."version" ASC[0m
Processing by PostsController#index as HTML
  Rendering posts/index.html.erb within layouts/application
  [1m[36mPost Load (0.2ms)[0m  [1m[34mSELECT "posts".* FROM "posts" ORDER BY created_at DESC[0m
  ↳ app/views/posts/index.html.erb:13
  Rendered posts/index.html.erb within layouts/application (Duration: 3.4ms | Allocations: 1306)
[Webpacker] Compiling...
[Webpacker] Compiled all packs in /home/jhonatan/Microverse/Authentication-RoR/public/packs
[Webpacker] Hash: 15d1bb7b54cf6326b9ba
Version: webpack 4.44.2
Time: 2665ms
Built at: 09/29/2020 4:53:24 PM
                                     Asset       Size       Chunks                         Chunk Names
    js/application-9afcbb5693aa87623e69.js    124 KiB  application  [emitted] [immutable]  application
js/application-9afcbb5693aa87623e69.js.map    139 KiB  application  [emitted] [dev]        application
                             manifest.json  364 bytes               [emitted]              
Entrypoint application = js/application-9afcbb5693aa87623e69.js js/application-9afcbb5693aa87623e69.js.map
[./app/javascript/channels sync recursive _channel\.js$] ./app/javascript/channels sync _channel\.js$ 160 bytes {application} [built]
[./app/javascript/channels/index.js] 211 bytes {application} [built]
[./app/javascript/packs/application.js] 749 bytes {application} [built]
[./node_modules/webpack/buildin/module.js] (webpack)/buildin/module.js 552 bytes {application} [built]
    + 3 hidden modules

Completed 200 OK in 5021ms (Views: 5017.8ms | ActiveRecord: 0.5ms | Allocations: 22232)


Started GET "/posts/new" for ::1 at 2020-09-29 16:53:29 -0500
Processing by PostsController#new as HTML
  Rendering posts/new.html.erb within layouts/application
  Rendered posts/_form.html.erb (Duration: 16.1ms | Allocations: 2994)
  Rendered posts/new.html.erb within layouts/application (Duration: 18.1ms | Allocations: 3327)
[Webpacker] Everything's up-to-date. Nothing to do
Completed 200 OK in 39ms (Views: 28.4ms | ActiveRecord: 0.7ms | Allocations: 9556)


Started POST "/posts" for ::1 at 2020-09-29 16:53:31 -0500
Processing by PostsController#create as HTML
  Parameters: {"authenticity_token"=>"uSlO4fwPYUZ0E8BlJLAJ4Th9hH0qB0MRDXFPtJgiIYi1WoFV07wFaL5OYy0IBLF4IWxokAXq6aIic7ju9v/F/Q==", "commit"=>"Create Post"}
  [1m[35m (0.1ms)[0m  [1m[36mbegin transaction[0m
  ↳ app/controllers/posts_controller.rb:30:in `block in create'
  [1m[36mPost Create (0.7ms)[0m  [1m[32mINSERT INTO "posts" ("created_at", "updated_at") VALUES (?, ?)[0m  [["created_at", "2020-09-29 21:53:31.411562"], ["updated_at", "2020-09-29 21:53:31.411562"]]
  ↳ app/controllers/posts_controller.rb:30:in `block in create'
  [1m[35m (3.0ms)[0m  [1m[36mcommit transaction[0m
  ↳ app/controllers/posts_controller.rb:30:in `block in create'
Redirected to http://localhost:3000/posts/1
Completed 302 Found in 18ms (ActiveRecord: 3.7ms | Allocations: 3843)


Started GET "/posts/1" for ::1 at 2020-09-29 16:53:31 -0500
Processing by PostsController#show as HTML
  Parameters: {"id"=>"1"}
  [1m[36mPost Load (0.4ms)[0m  [1m[34mSELECT "posts".* FROM "posts" WHERE "posts"."id" = ? LIMIT ?[0m  [["id", 1], ["LIMIT", 1]]
  ↳ app/controllers/posts_controller.rb:67:in `set_post'
  Rendering posts/show.html.erb within layouts/application
  Rendered posts/show.html.erb within layouts/application (Duration: 1.6ms | Allocations: 204)
[Webpacker] Everything's up-to-date. Nothing to do
Completed 200 OK in 13ms (Views: 6.3ms | ActiveRecord: 0.4ms | Allocations: 4678)


Started GET "/posts" for ::1 at 2020-09-29 16:53:34 -0500
Processing by PostsController#index as HTML
  Rendering posts/index.html.erb within layouts/application
  [1m[36mPost Load (0.3ms)[0m  [1m[34mSELECT "posts".* FROM "posts" ORDER BY created_at DESC[0m
  ↳ app/views/posts/index.html.erb:13
  Rendered posts/index.html.erb within layouts/application (Duration: 3.1ms | Allocations: 784)
[Webpacker] Everything's up-to-date. Nothing to do
Completed 200 OK in 16ms (Views: 14.4ms | ActiveRecord: 0.3ms | Allocations: 4204)


Started GET "/posts/1/edit" for ::1 at 2020-09-29 16:53:37 -0500
Processing by PostsController#edit as HTML
  Parameters: {"id"=>"1"}
  [1m[36mPost Load (0.3ms)[0m  [1m[34mSELECT "posts".* FROM "posts" WHERE "posts"."id" = ? LIMIT ?[0m  [["id", 1], ["LIMIT", 1]]
  ↳ app/controllers/posts_controller.rb:67:in `set_post'
  Rendering posts/edit.html.erb within layouts/application
  Rendered posts/_form.html.erb (Duration: 2.6ms | Allocations: 381)
  Rendered posts/edit.html.erb within layouts/application (Duration: 4.7ms | Allocations: 619)
[Webpacker] Everything's up-to-date. Nothing to do
Completed 200 OK in 19ms (Views: 13.4ms | ActiveRecord: 0.3ms | Allocations: 4669)


Started GET "/posts" for ::1 at 2020-09-29 16:53:39 -0500
Processing by PostsController#index as HTML
  Rendering posts/index.html.erb within layouts/application
  [1m[36mPost Load (0.4ms)[0m  [1m[34mSELECT "posts".* FROM "posts" ORDER BY created_at DESC[0m
  ↳ app/views/posts/index.html.erb:13
  Rendered posts/index.html.erb within layouts/application (Duration: 4.7ms | Allocations: 782)
[Webpacker] Everything's up-to-date. Nothing to do
Completed 200 OK in 15ms (Views: 13.8ms | ActiveRecord: 0.4ms | Allocations: 4200)


Started GET "/posts/1" for ::1 at 2020-09-29 16:53:45 -0500
Processing by PostsController#show as HTML
  Parameters: {"id"=>"1"}
  [1m[36mPost Load (0.4ms)[0m  [1m[34mSELECT "posts".* FROM "posts" WHERE "posts"."id" = ? LIMIT ?[0m  [["id", 1], ["LIMIT", 1]]
  ↳ app/controllers/posts_controller.rb:67:in `set_post'
  Rendering posts/show.html.erb within layouts/application
  Rendered posts/show.html.erb within layouts/application (Duration: 0.8ms | Allocations: 74)
[Webpacker] Everything's up-to-date. Nothing to do
Completed 200 OK in 24ms (Views: 18.6ms | ActiveRecord: 0.4ms | Allocations: 3991)


Started GET "/posts" for ::1 at 2020-09-29 16:53:47 -0500
Processing by PostsController#index as HTML
  Rendering posts/index.html.erb within layouts/application
  [1m[36mPost Load (0.4ms)[0m  [1m[34mSELECT "posts".* FROM "posts" ORDER BY created_at DESC[0m
  ↳ app/views/posts/index.html.erb:13
  Rendered posts/index.html.erb within layouts/application (Duration: 3.8ms | Allocations: 770)
[Webpacker] Everything's up-to-date. Nothing to do
Completed 200 OK in 17ms (Views: 14.9ms | ActiveRecord: 0.4ms | Allocations: 4175)


Started GET "/" for ::1 at 2020-09-29 16:54:25 -0500
Processing by PostsController#index as HTML
  Rendering posts/index.html.erb within layouts/application
  [1m[36mPost Load (0.8ms)[0m  [1m[34mSELECT "posts".* FROM "posts" ORDER BY created_at DESC LIMIT ?[0m  [["LIMIT", 11]]
  ↳ app/views/posts/index.html.erb:5
  [1m[36mCACHE Post Load (0.1ms)[0m  [1m[34mSELECT "posts".* FROM "posts" ORDER BY created_at DESC LIMIT ?[0m  [["LIMIT", 11]]
  ↳ app/views/posts/index.html.erb:5
  [1m[36mCACHE Post Load (0.0ms)[0m  [1m[34mSELECT "posts".* FROM "posts" ORDER BY created_at DESC LIMIT ?[0m  [["LIMIT", 11]]
  ↳ app/views/posts/index.html.erb:5
  [1m[36mCACHE Post Load (0.0ms)[0m  [1m[34mSELECT "posts".* FROM "posts" ORDER BY created_at DESC LIMIT ?[0m  [["LIMIT", 11]]
  ↳ app/views/posts/index.html.erb:5
  [1m[36mCACHE Post Load (0.0ms)[0m  [1m[34mSELECT "posts".* FROM "posts" ORDER BY created_at DESC LIMIT ?[0m  [["LIMIT", 11]]
  ↳ app/views/posts/index.html.erb:5
  [1m[36mCACHE Post Load (0.0ms)[0m  [1m[34mSELECT "posts".* FROM "posts" ORDER BY created_at DESC LIMIT ?[0m  [["LIMIT", 11]]
  ↳ app/views/posts/index.html.erb:5
  [1m[36mCACHE Post Load (0.0ms)[0m  [1m[34mSELECT "posts".* FROM "posts" ORDER BY created_at DESC LIMIT ?[0m  [["LIMIT", 11]]
  ↳ app/views/posts/index.html.erb:5
  [1m[36mCACHE Post Load (0.0ms)[0m  [1m[34mSELECT "posts".* FROM "posts" ORDER BY created_at DESC LIMIT ?[0m  [["LIMIT", 11]]
  ↳ app/views/posts/index.html.erb:5
  Rendered posts/_form.html.erb (Duration: 303.1ms | Allocations: 135344)
  Rendered posts/index.html.erb within layouts/application (Duration: 304.8ms | Allocations: 135789)
Completed 500 Internal Server Error in 309ms (ActiveRecord: 1.0ms | Allocations: 137004)


  
ActionView::Template::Error (undefined local variable or method `post' for #<#<Class:0x00007fcf9800be68>:0x00007fcf98009f78>
Did you mean?  @posts):
    1: <%= form_with(model: post, local: true) do |form| %>
    2:   <% if post.errors.any? %>
    3:     <div id="error_explanation">
    4:       <h2><%= pluralize(post.errors.count, "error") %> prohibited this post from being saved:</h2>
  
app/views/posts/_form.html.erb:1
app/views/posts/index.html.erb:5
Started GET "/" for ::1 at 2020-09-29 16:55:10 -0500
Processing by PostsController#index as HTML
  Rendering posts/index.html.erb within layouts/application
  [1m[36mPost Load (0.3ms)[0m  [1m[34mSELECT "posts".* FROM "posts" ORDER BY created_at DESC LIMIT ?[0m  [["LIMIT", 11]]
  ↳ app/views/posts/index.html.erb:5
  [1m[36mCACHE Post Load (0.0ms)[0m  [1m[34mSELECT "posts".* FROM "posts" ORDER BY created_at DESC LIMIT ?[0m  [["LIMIT", 11]]
  ↳ app/views/posts/index.html.erb:5
  [1m[36mCACHE Post Load (0.1ms)[0m  [1m[34mSELECT "posts".* FROM "posts" ORDER BY created_at DESC LIMIT ?[0m  [["LIMIT", 11]]
  ↳ app/views/posts/index.html.erb:5
  [1m[36mCACHE Post Load (0.1ms)[0m  [1m[34mSELECT "posts".* FROM "posts" ORDER BY created_at DESC LIMIT ?[0m  [["LIMIT", 11]]
  ↳ app/views/posts/index.html.erb:5
  [1m[36mCACHE Post Load (0.0ms)[0m  [1m[34mSELECT "posts".* FROM "posts" ORDER BY created_at DESC LIMIT ?[0m  [["LIMIT", 11]]
  ↳ app/views/posts/index.html.erb:5
  [1m[36mCACHE Post Load (0.0ms)[0m  [1m[34mSELECT "posts".* FROM "posts" ORDER BY created_at DESC LIMIT ?[0m  [["LIMIT", 11]]
  ↳ app/views/posts/index.html.erb:5
  [1m[36mCACHE Post Load (0.0ms)[0m  [1m[34mSELECT "posts".* FROM "posts" ORDER BY created_at DESC LIMIT ?[0m  [["LIMIT", 11]]
  ↳ app/views/posts/index.html.erb:5
  [1m[36mCACHE Post Load (0.1ms)[0m  [1m[34mSELECT "posts".* FROM "posts" ORDER BY created_at DESC LIMIT ?[0m  [["LIMIT", 11]]
  ↳ app/views/posts/index.html.erb:5
  Rendered posts/_form.html.erb (Duration: 333.6ms | Allocations: 132197)
  Rendered posts/index.html.erb within layouts/application (Duration: 336.5ms | Allocations: 132637)
Completed 500 Internal Server Error in 342ms (ActiveRecord: 0.5ms | Allocations: 133877)


  
ActionView::Template::Error (undefined local variable or method `post' for #<#<Class:0x000055f742484998>:0x000055f7424542c0>
Did you mean?  @posts):
    1: <%= form_with(model: @post, local: true) do |form| %>
    2:   <% if post.errors.any? %>
    3:     <div id="error_explanation">
    4:       <h2><%= pluralize(post.errors.count, "error") %> prohibited this post from being saved:</h2>
    5: 
  
app/views/posts/_form.html.erb:2
app/views/posts/_form.html.erb:1
app/views/posts/index.html.erb:5
Started GET "/" for ::1 at 2020-09-29 16:55:29 -0500
Processing by PostsController#index as HTML
  Rendering posts/index.html.erb within layouts/application
  Rendered posts/_form.html.erb (Duration: 2.1ms | Allocations: 1786)
  Rendered posts/index.html.erb within layouts/application (Duration: 3.7ms | Allocations: 2226)
Completed 500 Internal Server Error in 8ms (ActiveRecord: 0.0ms | Allocations: 3438)


  
ActionView::Template::Error (undefined method `errors' for nil:NilClass):
    1: <%= form_with(model: @post, local: true) do |form| %>
    2:   <% if @post.errors.any? %>
    3:     <div id="error_explanation">
    4:       <h2><%= pluralize(@post.errors.count, "error") %> prohibited this post from being saved:</h2>
    5: 
  
app/views/posts/_form.html.erb:2
app/views/posts/_form.html.erb:1
app/views/posts/index.html.erb:5
Started GET "/" for ::1 at 2020-09-29 16:56:00 -0500
Processing by PostsController#index as HTML
  Rendering posts/index.html.erb within layouts/application
  [1m[36mPost Load (0.5ms)[0m  [1m[34mSELECT "posts".* FROM "posts" ORDER BY created_at DESC LIMIT ?[0m  [["LIMIT", 11]]
  ↳ app/views/posts/index.html.erb:5
  Rendered posts/_form.html.erb (Duration: 10.4ms | Allocations: 3921)
  Rendered posts/index.html.erb within layouts/application (Duration: 11.6ms | Allocations: 4361)
Completed 500 Internal Server Error in 15ms (ActiveRecord: 0.5ms | Allocations: 5571)


  
ActionView::Template::Error (undefined method `to_model' for #<Post::ActiveRecord_Relation:0x000055f741b79178>
Did you mean?  to_xml):
    1: <%= form_with(model: @posts, local: true) do |form| %>
    2:   <% if form.errors.any? %>
    3:     <div id="error_explanation">
    4:       <h2><%= pluralize(@post.errors.count, "error") %> prohibited this post from being saved:</h2>
  
app/views/posts/_form.html.erb:1
app/views/posts/index.html.erb:5
Started GET "/" for ::1 at 2020-09-29 16:56:56 -0500
Processing by PostsController#index as HTML
  Rendering posts/index.html.erb within layouts/application
  [1m[36mPost Load (0.6ms)[0m  [1m[34mSELECT "posts".* FROM "posts" ORDER BY created_at DESC[0m
  ↳ app/views/posts/index.html.erb:14
  Rendered posts/index.html.erb within layouts/application (Duration: 5.5ms | Allocations: 994)
[Webpacker] Everything's up-to-date. Nothing to do
Completed 200 OK in 20ms (Views: 16.3ms | ActiveRecord: 0.6ms | Allocations: 5334)


Started GET "/new" for ::1 at 2020-09-29 16:57:03 -0500
  
ActionController::RoutingError (No route matches [GET] "/new"):
  
actionpack (6.0.3.3) lib/action_dispatch/middleware/debug_exceptions.rb:36:in `call'
web-console (4.0.4) lib/web_console/middleware.rb:132:in `call_app'
web-console (4.0.4) lib/web_console/middleware.rb:28:in `block in call'
web-console (4.0.4) lib/web_console/middleware.rb:17:in `catch'
web-console (4.0.4) lib/web_console/middleware.rb:17:in `call'
actionpack (6.0.3.3) lib/action_dispatch/middleware/show_exceptions.rb:33:in `call'
railties (6.0.3.3) lib/rails/rack/logger.rb:37:in `call_app'
railties (6.0.3.3) lib/rails/rack/logger.rb:26:in `block in call'
activesupport (6.0.3.3) lib/active_support/tagged_logging.rb:80:in `block in tagged'
activesupport (6.0.3.3) lib/active_support/tagged_logging.rb:28:in `tagged'
activesupport (6.0.3.3) lib/active_support/tagged_logging.rb:80:in `tagged'
railties (6.0.3.3) lib/rails/rack/logger.rb:26:in `call'
sprockets-rails (3.2.2) lib/sprockets/rails/quiet_assets.rb:13:in `call'
actionpack (6.0.3.3) lib/action_dispatch/middleware/remote_ip.rb:81:in `call'
actionpack (6.0.3.3) lib/action_dispatch/middleware/request_id.rb:27:in `call'
rack (2.2.3) lib/rack/method_override.rb:24:in `call'
rack (2.2.3) lib/rack/runtime.rb:22:in `call'
activesupport (6.0.3.3) lib/active_support/cache/strategy/local_cache_middleware.rb:29:in `call'
actionpack (6.0.3.3) lib/action_dispatch/middleware/executor.rb:14:in `call'
actionpack (6.0.3.3) lib/action_dispatch/middleware/static.rb:126:in `call'
rack (2.2.3) lib/rack/sendfile.rb:110:in `call'
actionpack (6.0.3.3) lib/action_dispatch/middleware/host_authorization.rb:82:in `call'
webpacker (4.3.0) lib/webpacker/dev_server_proxy.rb:23:in `perform_request'
rack-proxy (0.6.5) lib/rack/proxy.rb:57:in `call'
railties (6.0.3.3) lib/rails/engine.rb:527:in `call'
puma (4.3.6) lib/puma/configuration.rb:228:in `call'
puma (4.3.6) lib/puma/server.rb:713:in `handle_request'
puma (4.3.6) lib/puma/server.rb:472:in `process_client'
puma (4.3.6) lib/puma/server.rb:328:in `block in run'
puma (4.3.6) lib/puma/thread_pool.rb:134:in `block in spawn_thread'
Started GET "/posts/new" for ::1 at 2020-09-29 16:57:11 -0500
Processing by PostsController#new as HTML
  Rendering posts/new.html.erb within layouts/application
  Rendered posts/_form.html.erb (Duration: 3.2ms | Allocations: 575)
  Rendered posts/new.html.erb within layouts/application (Duration: 6.4ms | Allocations: 903)
[Webpacker] Everything's up-to-date. Nothing to do
Completed 200 OK in 24ms (Views: 21.3ms | ActiveRecord: 0.0ms | Allocations: 4436)


Started GET "/posts/new" for ::1 at 2020-09-29 16:57:52 -0500
Processing by PostsController#new as HTML
  Rendering posts/new.html.erb within layouts/application
  Rendered posts/_form.html.erb (Duration: 2.0ms | Allocations: 560)
  Rendered posts/new.html.erb within layouts/application (Duration: 3.9ms | Allocations: 890)
[Webpacker] Everything's up-to-date. Nothing to do
Completed 200 OK in 16ms (Views: 13.3ms | ActiveRecord: 0.0ms | Allocations: 5180)


Started POST "/posts" for ::1 at 2020-09-29 16:57:59 -0500
Processing by PostsController#create as HTML
  Parameters: {"authenticity_token"=>"/Z3bqVzERpGG1HqAStEhijMf2xbzVRsHkW4o2rhkdgDWYiGodt0VwLuXynpYoLC4rhsG35wVceIWLs+ibLcvNw==", "commit"=>"Create Post"}
  [1m[35m (0.1ms)[0m  [1m[36mbegin transaction[0m
  ↳ app/controllers/posts_controller.rb:30:in `block in create'
  [1m[36mPost Create (1.1ms)[0m  [1m[32mINSERT INTO "posts" ("created_at", "updated_at") VALUES (?, ?)[0m  [["created_at", "2020-09-29 21:57:59.724533"], ["updated_at", "2020-09-29 21:57:59.724533"]]
  ↳ app/controllers/posts_controller.rb:30:in `block in create'
  [1m[35m (3.0ms)[0m  [1m[36mcommit transaction[0m
  ↳ app/controllers/posts_controller.rb:30:in `block in create'
Redirected to http://localhost:3000/posts/2
Completed 302 Found in 18ms (ActiveRecord: 4.2ms | Allocations: 3588)


Started GET "/posts/2" for ::1 at 2020-09-29 16:57:59 -0500
Processing by PostsController#show as HTML
  Parameters: {"id"=>"2"}
  [1m[36mPost Load (0.2ms)[0m  [1m[34mSELECT "posts".* FROM "posts" WHERE "posts"."id" = ? LIMIT ?[0m  [["id", 2], ["LIMIT", 1]]
  ↳ app/controllers/posts_controller.rb:67:in `set_post'
  Rendering posts/show.html.erb within layouts/application
  Rendered posts/show.html.erb within layouts/application (Duration: 1.1ms | Allocations: 202)
[Webpacker] Everything's up-to-date. Nothing to do
Completed 200 OK in 11ms (Views: 7.6ms | ActiveRecord: 0.2ms | Allocations: 4289)


Started GET "/" for ::1 at 2020-09-29 16:58:08 -0500
Processing by PostsController#index as HTML
  Rendering posts/index.html.erb within layouts/application
  [1m[36mPost Load (0.3ms)[0m  [1m[34mSELECT "posts".* FROM "posts" ORDER BY created_at DESC[0m
  ↳ app/views/posts/index.html.erb:14
  Rendered posts/index.html.erb within layouts/application (Duration: 6.2ms | Allocations: 1109)
[Webpacker] Everything's up-to-date. Nothing to do
Completed 200 OK in 17ms (Views: 14.6ms | ActiveRecord: 0.3ms | Allocations: 4649)


Started GET "/posts/new" for ::1 at 2020-09-29 16:59:17 -0500
Processing by PostsController#new as HTML
  Rendering posts/new.html.erb within layouts/application
  Rendered posts/_form.html.erb (Duration: 255.9ms | Allocations: 125142)
  Rendered posts/new.html.erb within layouts/application (Duration: 256.7ms | Allocations: 125445)
Completed 500 Internal Server Error in 259ms (ActiveRecord: 0.0ms | Allocations: 126646)


  
ActionView::Template::Error (undefined local variable or method `post' for #<#<Class:0x00007fcfc4e44da0>:0x00007fcfc4e42a78>
Did you mean?  @post):
    1: <%= form_with(model: post, local: true) do |form| %>
    2:   <% if post.errors.any? %>
    3:     <div id="error_explanation">
    4:       <h2><%= pluralize(post.errors.count, "error") %> prohibited this post from being saved:</h2>
  
app/views/posts/_form.html.erb:1
app/views/posts/new.html.erb:3
Started GET "/posts/new" for ::1 at 2020-09-29 16:59:43 -0500
Processing by PostsController#new as HTML
  Rendering posts/new.html.erb within layouts/application
  Rendered posts/_form.html.erb (Duration: 3.4ms | Allocations: 556)
  Rendered posts/new.html.erb within layouts/application (Duration: 5.5ms | Allocations: 880)
[Webpacker] Everything's up-to-date. Nothing to do
Completed 200 OK in 20ms (Views: 16.9ms | ActiveRecord: 0.0ms | Allocations: 5190)


Started POST "/posts" for ::1 at 2020-09-29 16:59:46 -0500
Processing by PostsController#create as HTML
  Parameters: {"authenticity_token"=>"8f5acoVz5ngURImyc78BWVuK+iMuuOFcf5p/y0K3gRraAaBzr2q1KSkHOUhhzpBrxo4n6kH4i7n42pizlmTYLQ==", "commit"=>"Create Post"}
  [1m[35m (0.1ms)[0m  [1m[36mbegin transaction[0m
  ↳ app/controllers/posts_controller.rb:30:in `block in create'
  [1m[36mPost Create (1.3ms)[0m  [1m[32mINSERT INTO "posts" ("created_at", "updated_at") VALUES (?, ?)[0m  [["created_at", "2020-09-29 21:59:46.524972"], ["updated_at", "2020-09-29 21:59:46.524972"]]
  ↳ app/controllers/posts_controller.rb:30:in `block in create'
  [1m[35m (8.1ms)[0m  [1m[36mcommit transaction[0m
  ↳ app/controllers/posts_controller.rb:30:in `block in create'
Redirected to http://localhost:3000/posts/3
Completed 302 Found in 23ms (ActiveRecord: 9.5ms | Allocations: 3586)


Started GET "/posts/3" for ::1 at 2020-09-29 16:59:46 -0500
Processing by PostsController#show as HTML
  Parameters: {"id"=>"3"}
  [1m[36mPost Load (0.2ms)[0m  [1m[34mSELECT "posts".* FROM "posts" WHERE "posts"."id" = ? LIMIT ?[0m  [["id", 3], ["LIMIT", 1]]
  ↳ app/controllers/posts_controller.rb:67:in `set_post'
  Rendering posts/show.html.erb within layouts/application
  Rendered posts/show.html.erb within layouts/application (Duration: 1.1ms | Allocations: 202)
[Webpacker] Everything's up-to-date. Nothing to do
Completed 200 OK in 12ms (Views: 8.2ms | ActiveRecord: 0.2ms | Allocations: 4284)


Started GET "/posts" for ::1 at 2020-09-29 16:59:49 -0500
Processing by PostsController#index as HTML
  Rendering posts/index.html.erb within layouts/application
  [1m[36mPost Load (0.3ms)[0m  [1m[34mSELECT "posts".* FROM "posts" ORDER BY created_at DESC[0m
  ↳ app/views/posts/index.html.erb:14
  Rendered posts/index.html.erb within layouts/application (Duration: 4.8ms | Allocations: 1231)
[Webpacker] Everything's up-to-date. Nothing to do
Completed 200 OK in 15ms (Views: 12.7ms | ActiveRecord: 0.3ms | Allocations: 4789)


Started GET "/posts" for ::1 at 2020-09-29 17:01:58 -0500
Processing by PostsController#index as HTML
  Rendering posts/index.html.erb within layouts/application
  [1m[36mPost Load (0.9ms)[0m  [1m[34mSELECT "posts".* FROM "posts" ORDER BY created_at DESC[0m
  ↳ app/views/posts/index.html.erb:14
  Rendered posts/index.html.erb within layouts/application (Duration: 5.1ms | Allocations: 1227)
[Webpacker] Everything's up-to-date. Nothing to do
Completed 200 OK in 16ms (Views: 13.8ms | ActiveRecord: 0.9ms | Allocations: 5532)


Started GET "/posts/new" for ::1 at 2020-09-29 17:02:00 -0500
Processing by PostsController#new as HTML
  Rendering posts/new.html.erb within layouts/application
  Rendered posts/_form.html.erb (Duration: 281.4ms | Allocations: 125529)
  Rendered posts/new.html.erb within layouts/application (Duration: 283.4ms | Allocations: 125833)
Completed 500 Internal Server Error in 286ms (ActiveRecord: 0.0ms | Allocations: 126440)


  
ActionView::Template::Error (undefined local variable or method `form' for #<#<Class:0x00007fcf9402f380>:0x00007fcfc516f0c0>
Did you mean?  for
               fork):
    16:   </p>
    17: 
    18:   <div class="actions">
    19:     <%= form.submit %>
    20:   </div>
    21: <% end %>
  
app/views/posts/_form.html.erb:19
app/views/posts/_form.html.erb:1
app/views/posts/new.html.erb:3
Started GET "/posts/new" for ::1 at 2020-09-29 17:03:11 -0500
Processing by PostsController#new as HTML
  Rendering posts/new.html.erb within layouts/application
  Rendered posts/_form.html.erb (Duration: 286.2ms | Allocations: 129220)
  Rendered posts/new.html.erb within layouts/application (Duration: 287.5ms | Allocations: 129528)
Completed 500 Internal Server Error in 291ms (ActiveRecord: 0.0ms | Allocations: 130728)


  
ActionView::Template::Error (undefined local variable or method `form' for #<#<Class:0x00007fcfc51ea6f8>:0x00007fcfc51e8768>
Did you mean?  for
               fork):
    21:   </p>
    22: 
    23:   <div class="actions">
    24:     <%= form.submit %>
    25:   </div>
    26: <% end %>
  
app/views/posts/_form.html.erb:24
app/views/posts/_form.html.erb:1
app/views/posts/new.html.erb:3
Started GET "/posts/new" for ::1 at 2020-09-29 17:03:21 -0500
Processing by PostsController#new as HTML
  Rendering posts/new.html.erb within layouts/application
  Rendered posts/_form.html.erb (Duration: 5.5ms | Allocations: 987)
  Rendered posts/new.html.erb within layouts/application (Duration: 7.7ms | Allocations: 1310)
[Webpacker] Everything's up-to-date. Nothing to do
Completed 200 OK in 19ms (Views: 17.1ms | ActiveRecord: 0.0ms | Allocations: 5612)


Started POST "/posts" for ::1 at 2020-09-29 17:03:37 -0500
Processing by PostsController#create as HTML
  Parameters: {"authenticity_token"=>"NMNkE1JkZrK97gfnBzJzpikbyT6aEoPE8YyXSkdUwbMfPJ4SeH0144Cttx0VQ+KUtB8U9/VS6SF2zHAyk4eYhA==", "post"=>{"title"=>"First post", "body"=>"loremp"}, "commit"=>"Create Post"}
Completed 500 Internal Server Error in 2ms (ActiveRecord: 0.0ms | Allocations: 707)


  
ActiveModel::ForbiddenAttributesError (ActiveModel::ForbiddenAttributesError):
  
app/controllers/posts_controller.rb:27:in `create'
Started POST "/posts" for ::1 at 2020-09-29 17:06:05 -0500
  [1m[35m (0.1ms)[0m  [1m[34mSELECT sqlite_version(*)[0m
Processing by PostsController#create as HTML
  Parameters: {"authenticity_token"=>"NMNkE1JkZrK97gfnBzJzpikbyT6aEoPE8YyXSkdUwbMfPJ4SeH0144Cttx0VQ+KUtB8U9/VS6SF2zHAyk4eYhA==", "post"=>{"title"=>"First post", "body"=>"loremp"}, "commit"=>"Create Post"}
  [1m[35m (0.3ms)[0m  [1m[36mbegin transaction[0m
  ↳ app/controllers/posts_controller.rb:30:in `block in create'
  [1m[36mPost Create (1.0ms)[0m  [1m[32mINSERT INTO "posts" ("title", "body", "created_at", "updated_at") VALUES (?, ?, ?, ?)[0m  [["title", "First post"], ["body", "loremp"], ["created_at", "2020-09-29 22:06:05.493103"], ["updated_at", "2020-09-29 22:06:05.493103"]]
  ↳ app/controllers/posts_controller.rb:30:in `block in create'
  [1m[35m (3.6ms)[0m  [1m[36mcommit transaction[0m
  ↳ app/controllers/posts_controller.rb:30:in `block in create'
Redirected to http://localhost:3000/posts/4
Completed 302 Found in 23ms (ActiveRecord: 6.0ms | Allocations: 7106)


Started GET "/posts/4" for ::1 at 2020-09-29 17:06:05 -0500
Processing by PostsController#show as HTML
  Parameters: {"id"=>"4"}
  [1m[36mPost Load (0.3ms)[0m  [1m[34mSELECT "posts".* FROM "posts" WHERE "posts"."id" = ? LIMIT ?[0m  [["id", 4], ["LIMIT", 1]]
  ↳ app/controllers/posts_controller.rb:67:in `set_post'
  Rendering posts/show.html.erb within layouts/application
  Rendered posts/show.html.erb within layouts/application (Duration: 1.4ms | Allocations: 203)
[Webpacker] Everything's up-to-date. Nothing to do
Completed 200 OK in 10ms (Views: 5.9ms | ActiveRecord: 0.3ms | Allocations: 4580)


Started GET "/posts" for ::1 at 2020-09-29 17:06:08 -0500
Processing by PostsController#index as HTML
  Rendering posts/index.html.erb within layouts/application
  [1m[36mPost Load (0.6ms)[0m  [1m[34mSELECT "posts".* FROM "posts" ORDER BY created_at DESC[0m
  ↳ app/views/posts/index.html.erb:14
  Rendered posts/index.html.erb within layouts/application (Duration: 6.1ms | Allocations: 1351)
[Webpacker] Everything's up-to-date. Nothing to do
Completed 200 OK in 24ms (Views: 21.3ms | ActiveRecord: 0.6ms | Allocations: 4904)


Started GET "/posts/new" for ::1 at 2020-09-29 17:06:10 -0500
Processing by PostsController#new as HTML
  Rendering posts/new.html.erb within layouts/application
  Rendered posts/_form.html.erb (Duration: 3.5ms | Allocations: 694)
  Rendered posts/new.html.erb within layouts/application (Duration: 4.1ms | Allocations: 775)
[Webpacker] Everything's up-to-date. Nothing to do
Completed 200 OK in 15ms (Views: 13.7ms | ActiveRecord: 0.0ms | Allocations: 4171)


Started POST "/posts" for ::1 at 2020-09-29 17:06:17 -0500
Processing by PostsController#create as HTML
  Parameters: {"authenticity_token"=>"i/CdyjScysG1Xw5kiBu836kHvPGnvB7zwQ+qUI2Hl7SHg1J+Gy+u738CrSykrwRGsBZQHIhRtEDuDV0K41pzwQ==", "post"=>{"title"=>"First post", "body"=>"lorem"}, "commit"=>"Create Post"}
  [1m[35m (0.1ms)[0m  [1m[36mbegin transaction[0m
  ↳ app/controllers/posts_controller.rb:30:in `block in create'
  [1m[36mPost Create (0.5ms)[0m  [1m[32mINSERT INTO "posts" ("title", "body", "created_at", "updated_at") VALUES (?, ?, ?, ?)[0m  [["title", "First post"], ["body", "lorem"], ["created_at", "2020-09-29 22:06:17.054366"], ["updated_at", "2020-09-29 22:06:17.054366"]]
  ↳ app/controllers/posts_controller.rb:30:in `block in create'
  [1m[35m (3.0ms)[0m  [1m[36mcommit transaction[0m
  ↳ app/controllers/posts_controller.rb:30:in `block in create'
Redirected to http://localhost:3000/posts/5
Completed 302 Found in 13ms (ActiveRecord: 3.6ms | Allocations: 3704)


Started GET "/posts/5" for ::1 at 2020-09-29 17:06:17 -0500
Processing by PostsController#show as HTML
  Parameters: {"id"=>"5"}
  [1m[36mPost Load (0.1ms)[0m  [1m[34mSELECT "posts".* FROM "posts" WHERE "posts"."id" = ? LIMIT ?[0m  [["id", 5], ["LIMIT", 1]]
  ↳ app/controllers/posts_controller.rb:67:in `set_post'
  Rendering posts/show.html.erb within layouts/application
  Rendered posts/show.html.erb within layouts/application (Duration: 0.2ms | Allocations: 76)
[Webpacker] Everything's up-to-date. Nothing to do
Completed 200 OK in 6ms (Views: 3.9ms | ActiveRecord: 0.1ms | Allocations: 4005)


Started GET "/posts" for ::1 at 2020-09-29 17:06:19 -0500
Processing by PostsController#index as HTML
  Rendering posts/index.html.erb within layouts/application
  [1m[36mPost Load (0.4ms)[0m  [1m[34mSELECT "posts".* FROM "posts" ORDER BY created_at DESC[0m
  ↳ app/views/posts/index.html.erb:14
  Rendered posts/index.html.erb within layouts/application (Duration: 4.6ms | Allocations: 1247)
[Webpacker] Everything's up-to-date. Nothing to do
Completed 200 OK in 15ms (Views: 13.2ms | ActiveRecord: 0.4ms | Allocations: 4658)


Started GET "/posts/5" for ::1 at 2020-09-29 17:07:57 -0500
  [1m[35m (0.4ms)[0m  [1m[34mSELECT sqlite_version(*)[0m
Processing by PostsController#show as HTML
  Parameters: {"id"=>"5"}
  [1m[36mPost Load (0.1ms)[0m  [1m[34mSELECT "posts".* FROM "posts" WHERE "posts"."id" = ? LIMIT ?[0m  [["id", 5], ["LIMIT", 1]]
  ↳ app/controllers/posts_controller.rb:68:in `set_post'
Completed 500 Internal Server Error in 27ms (ActiveRecord: 0.9ms | Allocations: 7394)


  
NoMethodError (undefined method `set_post' for #<Class:0x00007fcfc49352d8>):
  
app/controllers/posts_controller.rb:13:in `show'
Started GET "/posts/5" for ::1 at 2020-09-29 17:08:05 -0500
  [1m[35m (0.1ms)[0m  [1m[34mSELECT sqlite_version(*)[0m
Processing by PostsController#show as HTML
  Parameters: {"id"=>"5"}
  [1m[36mPost Load (0.2ms)[0m  [1m[34mSELECT "posts".* FROM "posts" WHERE "posts"."id" = ? LIMIT ?[0m  [["id", 5], ["LIMIT", 1]]
  ↳ app/controllers/posts_controller.rb:68:in `set_post'
  [1m[36mCACHE Post Load (0.0ms)[0m  [1m[34mSELECT "posts".* FROM "posts" WHERE "posts"."id" = ? LIMIT ?[0m  [["id", 5], ["LIMIT", 1]]
  ↳ app/controllers/posts_controller.rb:68:in `set_post'
  Rendering posts/show.html.erb within layouts/application
  Rendered posts/show.html.erb within layouts/application (Duration: 0.9ms | Allocations: 83)
[Webpacker] Everything's up-to-date. Nothing to do
Completed 200 OK in 33ms (Views: 10.5ms | ActiveRecord: 1.6ms | Allocations: 8045)


Started GET "/posts/5" for ::1 at 2020-09-29 17:08:38 -0500
Processing by PostsController#show as HTML
  Parameters: {"id"=>"5"}
  [1m[36mPost Load (0.3ms)[0m  [1m[34mSELECT "posts".* FROM "posts" WHERE "posts"."id" = ? LIMIT ?[0m  [["id", 5], ["LIMIT", 1]]
  ↳ app/controllers/posts_controller.rb:68:in `set_post'
  [1m[36mCACHE Post Load (0.0ms)[0m  [1m[34mSELECT "posts".* FROM "posts" WHERE "posts"."id" = ? LIMIT ?[0m  [["id", 5], ["LIMIT", 1]]
  ↳ app/controllers/posts_controller.rb:68:in `set_post'
  Rendering posts/show.html.erb within layouts/application
  Rendered posts/show.html.erb within layouts/application (Duration: 1.5ms | Allocations: 245)
[Webpacker] Everything's up-to-date. Nothing to do
Completed 200 OK in 15ms (Views: 10.0ms | ActiveRecord: 0.3ms | Allocations: 5533)


Started GET "/posts" for ::1 at 2020-09-29 17:08:43 -0500
Processing by PostsController#index as HTML
  Rendering posts/index.html.erb within layouts/application
  [1m[36mPost Load (0.6ms)[0m  [1m[34mSELECT "posts".* FROM "posts" ORDER BY created_at DESC[0m
  ↳ app/views/posts/index.html.erb:14
  Rendered posts/index.html.erb within layouts/application (Duration: 8.4ms | Allocations: 1520)
[Webpacker] Everything's up-to-date. Nothing to do
Completed 200 OK in 22ms (Views: 18.6ms | ActiveRecord: 0.6ms | Allocations: 5070)


Started GET "/posts/1" for ::1 at 2020-09-29 17:08:45 -0500
Processing by PostsController#show as HTML
  Parameters: {"id"=>"1"}
  [1m[36mPost Load (0.2ms)[0m  [1m[34mSELECT "posts".* FROM "posts" WHERE "posts"."id" = ? LIMIT ?[0m  [["id", 1], ["LIMIT", 1]]
  ↳ app/controllers/posts_controller.rb:68:in `set_post'
  [1m[36mCACHE Post Load (0.0ms)[0m  [1m[34mSELECT "posts".* FROM "posts" WHERE "posts"."id" = ? LIMIT ?[0m  [["id", 1], ["LIMIT", 1]]
  ↳ app/controllers/posts_controller.rb:68:in `set_post'
  Rendering posts/show.html.erb within layouts/application
  Rendered posts/show.html.erb within layouts/application (Duration: 0.8ms | Allocations: 77)
[Webpacker] Everything's up-to-date. Nothing to do
Completed 200 OK in 18ms (Views: 12.7ms | ActiveRecord: 0.3ms | Allocations: 4463)


Started GET "/posts" for ::1 at 2020-09-29 17:08:47 -0500
Processing by PostsController#index as HTML
  Rendering posts/index.html.erb within layouts/application
  [1m[36mPost Load (0.7ms)[0m  [1m[34mSELECT "posts".* FROM "posts" ORDER BY created_at DESC[0m
  ↳ app/views/posts/index.html.erb:14
  Rendered posts/index.html.erb within layouts/application (Duration: 6.1ms | Allocations: 1247)
[Webpacker] Everything's up-to-date. Nothing to do
Completed 200 OK in 18ms (Views: 15.2ms | ActiveRecord: 0.7ms | Allocations: 4644)


Started GET "/posts/5" for ::1 at 2020-09-29 17:08:48 -0500
Processing by PostsController#show as HTML
  Parameters: {"id"=>"5"}
  [1m[36mPost Load (0.2ms)[0m  [1m[34mSELECT "posts".* FROM "posts" WHERE "posts"."id" = ? LIMIT ?[0m  [["id", 5], ["LIMIT", 1]]
  ↳ app/controllers/posts_controller.rb:68:in `set_post'
  [1m[36mCACHE Post Load (0.0ms)[0m  [1m[34mSELECT "posts".* FROM "posts" WHERE "posts"."id" = ? LIMIT ?[0m  [["id", 5], ["LIMIT", 1]]
  ↳ app/controllers/posts_controller.rb:68:in `set_post'
  Rendering posts/show.html.erb within layouts/application
  Rendered posts/show.html.erb within layouts/application (Duration: 0.7ms | Allocations: 80)
[Webpacker] Everything's up-to-date. Nothing to do
Completed 200 OK in 17ms (Views: 9.6ms | ActiveRecord: 0.3ms | Allocations: 4465)


Started GET "/posts" for ::1 at 2020-09-29 17:08:50 -0500
Processing by PostsController#index as HTML
  Rendering posts/index.html.erb within layouts/application
  [1m[36mPost Load (1.3ms)[0m  [1m[34mSELECT "posts".* FROM "posts" ORDER BY created_at DESC[0m
  ↳ app/views/posts/index.html.erb:14
  Rendered posts/index.html.erb within layouts/application (Duration: 4.6ms | Allocations: 1247)
[Webpacker] Everything's up-to-date. Nothing to do
Completed 200 OK in 18ms (Views: 12.8ms | ActiveRecord: 1.3ms | Allocations: 4660)


Started GET "/posts" for ::1 at 2020-09-29 17:10:13 -0500
Processing by PostsController#index as HTML
  Rendering posts/index.html.erb within layouts/application
  [1m[36mPost Load (0.2ms)[0m  [1m[34mSELECT "posts".* FROM "posts" ORDER BY created_at DESC[0m
  ↳ app/views/posts/index.html.erb:13
  Rendered posts/index.html.erb within layouts/application (Duration: 144.8ms | Allocations: 65585)
Completed 500 Internal Server Error in 148ms (ActiveRecord: 0.2ms | Allocations: 66795)


  
ActionView::Template::Error (undefined method `show_posts_path' for #<#<Class:0x00007fcfc46dc798>:0x00007fcfc46c90f8>):
    12:   <tbody>
    13:     <% @posts.each do |post| %>
    14:       <tr>
    15:         <td><%= link_to post.title, show_posts_path(post) %> </td>
    16:         <td><%= link_to 'Show', post %></td>
    17:         <td><%= link_to 'Edit', edit_post_path(post) %></td>
    18:         <td><%= link_to 'Destroy', post, method: :delete, data: { confirm: 'Are you sure?' } %></td>
  
app/views/posts/index.html.erb:15
app/views/posts/index.html.erb:13
Started GET "/posts" for ::1 at 2020-09-29 17:10:19 -0500
Processing by PostsController#index as HTML
  Rendering posts/index.html.erb within layouts/application
  [1m[36mPost Load (0.3ms)[0m  [1m[34mSELECT "posts".* FROM "posts" ORDER BY created_at DESC[0m
  ↳ app/views/posts/index.html.erb:13
  Rendered posts/index.html.erb within layouts/application (Duration: 161.8ms | Allocations: 65596)
Completed 500 Internal Server Error in 165ms (ActiveRecord: 0.3ms | Allocations: 66811)


  
ActionView::Template::Error (undefined method `show_post_path' for #<#<Class:0x00007fcfc4b221e0>:0x00007fcfc4b0ebb8>
Did you mean?  posts_path):
    12:   <tbody>
    13:     <% @posts.each do |post| %>
    14:       <tr>
    15:         <td><%= link_to post.title, show_post_path(post) %> </td>
    16:         <td><%= link_to 'Show', post %></td>
    17:         <td><%= link_to 'Edit', edit_post_path(post) %></td>
    18:         <td><%= link_to 'Destroy', post, method: :delete, data: { confirm: 'Are you sure?' } %></td>
  
app/views/posts/index.html.erb:15
app/views/posts/index.html.erb:13
Started GET "/posts" for ::1 at 2020-09-29 17:11:20 -0500
Processing by PostsController#index as HTML
  Rendering posts/index.html.erb within layouts/application
  [1m[36mPost Load (0.3ms)[0m  [1m[34mSELECT "posts".* FROM "posts" ORDER BY created_at DESC[0m
  ↳ app/views/posts/index.html.erb:13
  Rendered posts/index.html.erb within layouts/application (Duration: 4.1ms | Allocations: 1601)
[Webpacker] Everything's up-to-date. Nothing to do
Completed 200 OK in 16ms (Views: 13.9ms | ActiveRecord: 0.3ms | Allocations: 5918)


Started GET "/posts/5" for ::1 at 2020-09-29 17:11:24 -0500
Processing by PostsController#show as HTML
  Parameters: {"id"=>"5"}
  [1m[36mPost Load (0.3ms)[0m  [1m[34mSELECT "posts".* FROM "posts" WHERE "posts"."id" = ? LIMIT ?[0m  [["id", 5], ["LIMIT", 1]]
  ↳ app/controllers/posts_controller.rb:68:in `set_post'
  [1m[36mCACHE Post Load (0.0ms)[0m  [1m[34mSELECT "posts".* FROM "posts" WHERE "posts"."id" = ? LIMIT ?[0m  [["id", 5], ["LIMIT", 1]]
  ↳ app/controllers/posts_controller.rb:68:in `set_post'
  Rendering posts/show.html.erb within layouts/application
  Rendered posts/show.html.erb within layouts/application (Duration: 2.5ms | Allocations: 240)
[Webpacker] Everything's up-to-date. Nothing to do
Completed 200 OK in 21ms (Views: 13.6ms | ActiveRecord: 0.3ms | Allocations: 4760)


Started GET "/posts" for ::1 at 2020-09-29 17:11:26 -0500
Processing by PostsController#index as HTML
  Rendering posts/index.html.erb within layouts/application
  [1m[36mPost Load (0.3ms)[0m  [1m[34mSELECT "posts".* FROM "posts" ORDER BY created_at DESC[0m
  ↳ app/views/posts/index.html.erb:13
  Rendered posts/index.html.erb within layouts/application (Duration: 5.9ms | Allocations: 1372)
[Webpacker] Everything's up-to-date. Nothing to do
Completed 200 OK in 19ms (Views: 17.1ms | ActiveRecord: 0.3ms | Allocations: 4784)


Started GET "/posts/4" for ::1 at 2020-09-29 17:11:27 -0500
Processing by PostsController#show as HTML
  Parameters: {"id"=>"4"}
  [1m[36mPost Load (0.3ms)[0m  [1m[34mSELECT "posts".* FROM "posts" WHERE "posts"."id" = ? LIMIT ?[0m  [["id", 4], ["LIMIT", 1]]
  ↳ app/controllers/posts_controller.rb:68:in `set_post'
  [1m[36mCACHE Post Load (0.1ms)[0m  [1m[34mSELECT "posts".* FROM "posts" WHERE "posts"."id" = ? LIMIT ?[0m  [["id", 4], ["LIMIT", 1]]
  ↳ app/controllers/posts_controller.rb:68:in `set_post'
  Rendering posts/show.html.erb within layouts/application
  Rendered posts/show.html.erb within layouts/application (Duration: 0.9ms | Allocations: 80)
[Webpacker] Everything's up-to-date. Nothing to do
Completed 200 OK in 16ms (Views: 9.1ms | ActiveRecord: 0.5ms | Allocations: 4467)


Started GET "/posts" for ::1 at 2020-09-29 17:11:28 -0500
Processing by PostsController#index as HTML
  Rendering posts/index.html.erb within layouts/application
  [1m[36mPost Load (0.7ms)[0m  [1m[34mSELECT "posts".* FROM "posts" ORDER BY created_at DESC[0m
  ↳ app/views/posts/index.html.erb:13
  Rendered posts/index.html.erb within layouts/application (Duration: 5.4ms | Allocations: 1369)
[Webpacker] Everything's up-to-date. Nothing to do
Completed 200 OK in 16ms (Views: 14.1ms | ActiveRecord: 0.7ms | Allocations: 4774)


Started GET "/posts/3" for ::1 at 2020-09-29 17:11:29 -0500
Processing by PostsController#show as HTML
  Parameters: {"id"=>"3"}
  [1m[36mPost Load (0.3ms)[0m  [1m[34mSELECT "posts".* FROM "posts" WHERE "posts"."id" = ? LIMIT ?[0m  [["id", 3], ["LIMIT", 1]]
  ↳ app/controllers/posts_controller.rb:68:in `set_post'
  [1m[36mCACHE Post Load (0.0ms)[0m  [1m[34mSELECT "posts".* FROM "posts" WHERE "posts"."id" = ? LIMIT ?[0m  [["id", 3], ["LIMIT", 1]]
  ↳ app/controllers/posts_controller.rb:68:in `set_post'
  Rendering posts/show.html.erb within layouts/application
  Rendered posts/show.html.erb within layouts/application (Duration: 1.1ms | Allocations: 76)
[Webpacker] Everything's up-to-date. Nothing to do
Completed 200 OK in 20ms (Views: 13.2ms | ActiveRecord: 0.3ms | Allocations: 4453)


Started GET "/posts" for ::1 at 2020-09-29 17:11:32 -0500
Processing by PostsController#index as HTML
  Rendering posts/index.html.erb within layouts/application
  [1m[36mPost Load (0.4ms)[0m  [1m[34mSELECT "posts".* FROM "posts" ORDER BY created_at DESC[0m
  ↳ app/views/posts/index.html.erb:13
  Rendered posts/index.html.erb within layouts/application (Duration: 9.4ms | Allocations: 1369)
[Webpacker] Everything's up-to-date. Nothing to do
Completed 200 OK in 22ms (Views: 20.3ms | ActiveRecord: 0.4ms | Allocations: 4776)


Started GET "/posts" for ::1 at 2020-09-29 17:12:23 -0500
Processing by PostsController#index as HTML
  Rendering posts/index.html.erb within layouts/application
  [1m[36mPost Load (0.3ms)[0m  [1m[34mSELECT "posts".* FROM "posts" ORDER BY created_at DESC[0m
  ↳ app/views/posts/index.html.erb:13
  Rendered posts/index.html.erb within layouts/application (Duration: 4.8ms | Allocations: 1608)
[Webpacker] Everything's up-to-date. Nothing to do
Completed 200 OK in 22ms (Views: 17.9ms | ActiveRecord: 0.3ms | Allocations: 5932)


Started GET "/posts/5" for ::1 at 2020-09-29 17:12:27 -0500
Processing by PostsController#show as HTML
  Parameters: {"id"=>"5"}
  [1m[36mPost Load (0.8ms)[0m  [1m[34mSELECT "posts".* FROM "posts" WHERE "posts"."id" = ? LIMIT ?[0m  [["id", 5], ["LIMIT", 1]]
  ↳ app/controllers/posts_controller.rb:68:in `set_post'
  [1m[36mCACHE Post Load (0.1ms)[0m  [1m[34mSELECT "posts".* FROM "posts" WHERE "posts"."id" = ? LIMIT ?[0m  [["id", 5], ["LIMIT", 1]]
  ↳ app/controllers/posts_controller.rb:68:in `set_post'
  Rendering posts/show.html.erb within layouts/application
  Rendered posts/show.html.erb within layouts/application (Duration: 1.8ms | Allocations: 238)
[Webpacker] Everything's up-to-date. Nothing to do
Completed 200 OK in 24ms (Views: 13.8ms | ActiveRecord: 0.9ms | Allocations: 4770)


Started GET "/posts" for ::1 at 2020-09-29 17:12:29 -0500
Processing by PostsController#index as HTML
  Rendering posts/index.html.erb within layouts/application
  [1m[36mPost Load (0.3ms)[0m  [1m[34mSELECT "posts".* FROM "posts" ORDER BY created_at DESC[0m
  ↳ app/views/posts/index.html.erb:13
  Rendered posts/index.html.erb within layouts/application (Duration: 8.8ms | Allocations: 1372)
[Webpacker] Everything's up-to-date. Nothing to do
Completed 200 OK in 20ms (Views: 18.3ms | ActiveRecord: 0.3ms | Allocations: 4773)


Started GET "/posts/5" for ::1 at 2020-09-29 17:12:30 -0500
Processing by PostsController#show as HTML
  Parameters: {"id"=>"5"}
  [1m[36mPost Load (0.3ms)[0m  [1m[34mSELECT "posts".* FROM "posts" WHERE "posts"."id" = ? LIMIT ?[0m  [["id", 5], ["LIMIT", 1]]
  ↳ app/controllers/posts_controller.rb:68:in `set_post'
  [1m[36mCACHE Post Load (0.0ms)[0m  [1m[34mSELECT "posts".* FROM "posts" WHERE "posts"."id" = ? LIMIT ?[0m  [["id", 5], ["LIMIT", 1]]
  ↳ app/controllers/posts_controller.rb:68:in `set_post'
  Rendering posts/show.html.erb within layouts/application
  Rendered posts/show.html.erb within layouts/application (Duration: 0.7ms | Allocations: 80)
[Webpacker] Everything's up-to-date. Nothing to do
Completed 200 OK in 19ms (Views: 12.7ms | ActiveRecord: 0.4ms | Allocations: 4461)


Started GET "/posts" for ::1 at 2020-09-29 17:12:31 -0500
Processing by PostsController#index as HTML
  Rendering posts/index.html.erb within layouts/application
  [1m[36mPost Load (0.4ms)[0m  [1m[34mSELECT "posts".* FROM "posts" ORDER BY created_at DESC[0m
  ↳ app/views/posts/index.html.erb:13
  Rendered posts/index.html.erb within layouts/application (Duration: 4.2ms | Allocations: 1369)
[Webpacker] Everything's up-to-date. Nothing to do
Completed 200 OK in 15ms (Views: 13.6ms | ActiveRecord: 0.4ms | Allocations: 4781)


Started GET "/posts/5" for ::1 at 2020-09-29 17:12:32 -0500
Processing by PostsController#show as HTML
  Parameters: {"id"=>"5"}
  [1m[36mPost Load (0.2ms)[0m  [1m[34mSELECT "posts".* FROM "posts" WHERE "posts"."id" = ? LIMIT ?[0m  [["id", 5], ["LIMIT", 1]]
  ↳ app/controllers/posts_controller.rb:68:in `set_post'
  [1m[36mCACHE Post Load (0.0ms)[0m  [1m[34mSELECT "posts".* FROM "posts" WHERE "posts"."id" = ? LIMIT ?[0m  [["id", 5], ["LIMIT", 1]]
  ↳ app/controllers/posts_controller.rb:68:in `set_post'
  Rendering posts/show.html.erb within layouts/application
  Rendered posts/show.html.erb within layouts/application (Duration: 0.5ms | Allocations: 80)
[Webpacker] Everything's up-to-date. Nothing to do
Completed 200 OK in 14ms (Views: 8.1ms | ActiveRecord: 0.2ms | Allocations: 4475)


Started GET "/posts" for ::1 at 2020-09-29 17:12:34 -0500
Processing by PostsController#index as HTML
  Rendering posts/index.html.erb within layouts/application
  [1m[36mPost Load (0.3ms)[0m  [1m[34mSELECT "posts".* FROM "posts" ORDER BY created_at DESC[0m
  ↳ app/views/posts/index.html.erb:13
  Rendered posts/index.html.erb within layouts/application (Duration: 4.0ms | Allocations: 1369)
[Webpacker] Everything's up-to-date. Nothing to do
Completed 200 OK in 18ms (Views: 15.4ms | ActiveRecord: 0.3ms | Allocations: 4760)


Started GET "/posts/5" for ::1 at 2020-09-29 17:12:36 -0500
Processing by PostsController#show as HTML
  Parameters: {"id"=>"5"}
  [1m[36mPost Load (0.6ms)[0m  [1m[34mSELECT "posts".* FROM "posts" WHERE "posts"."id" = ? LIMIT ?[0m  [["id", 5], ["LIMIT", 1]]
  ↳ app/controllers/posts_controller.rb:68:in `set_post'
  [1m[36mCACHE Post Load (0.0ms)[0m  [1m[34mSELECT "posts".* FROM "posts" WHERE "posts"."id" = ? LIMIT ?[0m  [["id", 5], ["LIMIT", 1]]
  ↳ app/controllers/posts_controller.rb:68:in `set_post'
  Rendering posts/show.html.erb within layouts/application
  Rendered posts/show.html.erb within layouts/application (Duration: 0.6ms | Allocations: 80)
[Webpacker] Everything's up-to-date. Nothing to do
Completed 200 OK in 19ms (Views: 11.4ms | ActiveRecord: 0.7ms | Allocations: 4459)


Started GET "/posts" for ::1 at 2020-09-29 17:12:36 -0500
Processing by PostsController#index as HTML
  Rendering posts/index.html.erb within layouts/application
  [1m[36mPost Load (0.4ms)[0m  [1m[34mSELECT "posts".* FROM "posts" ORDER BY created_at DESC[0m
  ↳ app/views/posts/index.html.erb:13
  Rendered posts/index.html.erb within layouts/application (Duration: 6.9ms | Allocations: 1369)
[Webpacker] Everything's up-to-date. Nothing to do
Completed 200 OK in 20ms (Views: 17.2ms | ActiveRecord: 0.4ms | Allocations: 4778)


Started GET "/posts" for ::1 at 2020-09-29 17:12:43 -0500
Processing by PostsController#index as HTML
  Rendering posts/index.html.erb within layouts/application
  [1m[36mPost Load (0.4ms)[0m  [1m[34mSELECT "posts".* FROM "posts" ORDER BY created_at DESC[0m
  ↳ app/views/posts/index.html.erb:13
  Rendered posts/index.html.erb within layouts/application (Duration: 4.8ms | Allocations: 1438)
[Webpacker] Everything's up-to-date. Nothing to do
Completed 200 OK in 24ms (Views: 21.6ms | ActiveRecord: 0.4ms | Allocations: 5745)


Started GET "/posts/5" for ::1 at 2020-09-29 17:12:45 -0500
Processing by PostsController#show as HTML
  Parameters: {"id"=>"5"}
  [1m[36mPost Load (0.2ms)[0m  [1m[34mSELECT "posts".* FROM "posts" WHERE "posts"."id" = ? LIMIT ?[0m  [["id", 5], ["LIMIT", 1]]
  ↳ app/controllers/posts_controller.rb:68:in `set_post'
  [1m[36mCACHE Post Load (0.1ms)[0m  [1m[34mSELECT "posts".* FROM "posts" WHERE "posts"."id" = ? LIMIT ?[0m  [["id", 5], ["LIMIT", 1]]
  ↳ app/controllers/posts_controller.rb:68:in `set_post'
  Rendering posts/show.html.erb within layouts/application
  Rendered posts/show.html.erb within layouts/application (Duration: 2.3ms | Allocations: 240)
[Webpacker] Everything's up-to-date. Nothing to do
Completed 200 OK in 26ms (Views: 16.9ms | ActiveRecord: 0.3ms | Allocations: 4788)


Started GET "/posts/5/edit" for ::1 at 2020-09-29 17:13:13 -0500
Processing by PostsController#edit as HTML
  Parameters: {"id"=>"5"}
  [1m[36mPost Load (0.3ms)[0m  [1m[34mSELECT "posts".* FROM "posts" WHERE "posts"."id" = ? LIMIT ?[0m  [["id", 5], ["LIMIT", 1]]
  ↳ app/controllers/posts_controller.rb:68:in `set_post'
  Rendering posts/edit.html.erb within layouts/application
  Rendered posts/_form.html.erb (Duration: 5.2ms | Allocations: 1033)
  Rendered posts/edit.html.erb within layouts/application (Duration: 8.3ms | Allocations: 1407)
[Webpacker] Everything's up-to-date. Nothing to do
Completed 200 OK in 24ms (Views: 19.5ms | ActiveRecord: 0.3ms | Allocations: 5462)


Started GET "/posts" for ::1 at 2020-09-29 17:13:29 -0500
Processing by PostsController#index as HTML
  Rendering posts/index.html.erb within layouts/application
  [1m[36mPost Load (0.6ms)[0m  [1m[34mSELECT "posts".* FROM "posts" ORDER BY created_at DESC[0m
  ↳ app/views/posts/index.html.erb:13
  Rendered posts/index.html.erb within layouts/application (Duration: 6.6ms | Allocations: 1222)
[Webpacker] Everything's up-to-date. Nothing to do
Completed 200 OK in 19ms (Views: 16.7ms | ActiveRecord: 0.6ms | Allocations: 4622)


Started DELETE "/posts/3" for ::1 at 2020-09-29 17:13:53 -0500
Processing by PostsController#destroy as HTML
  Parameters: {"authenticity_token"=>"Dhx6/iYmUEGt5zBtRbXiYyH07qgIpEjNpuph5FrLe24l44D/DD8DEJCkgJdXxHNRvPAzYWfkIighqoacjhgiWQ==", "id"=>"3"}
  [1m[36mPost Load (0.2ms)[0m  [1m[34mSELECT "posts".* FROM "posts" WHERE "posts"."id" = ? LIMIT ?[0m  [["id", 3], ["LIMIT", 1]]
  ↳ app/controllers/posts_controller.rb:68:in `set_post'
  [1m[35m (0.1ms)[0m  [1m[36mbegin transaction[0m
  ↳ app/controllers/posts_controller.rb:58:in `destroy'
  [1m[36mPost Destroy (1.4ms)[0m  [1m[31mDELETE FROM "posts" WHERE "posts"."id" = ?[0m  [["id", 3]]
  ↳ app/controllers/posts_controller.rb:58:in `destroy'
  [1m[35m (3.3ms)[0m  [1m[36mcommit transaction[0m
  ↳ app/controllers/posts_controller.rb:58:in `destroy'
Redirected to http://localhost:3000/posts
Completed 302 Found in 13ms (ActiveRecord: 4.9ms | Allocations: 3758)


Started GET "/posts" for ::1 at 2020-09-29 17:13:53 -0500
Processing by PostsController#index as HTML
  Rendering posts/index.html.erb within layouts/application
  [1m[36mPost Load (0.3ms)[0m  [1m[34mSELECT "posts".* FROM "posts" ORDER BY created_at DESC[0m
  ↳ app/views/posts/index.html.erb:13
  Rendered posts/index.html.erb within layouts/application (Duration: 4.3ms | Allocations: 1293)
[Webpacker] Everything's up-to-date. Nothing to do
Completed 200 OK in 18ms (Views: 15.8ms | ActiveRecord: 0.3ms | Allocations: 5624)


Started DELETE "/posts" for ::1 at 2020-09-29 17:13:56 -0500
  
ActionController::RoutingError (No route matches [DELETE] "/posts"):
  
actionpack (6.0.3.3) lib/action_dispatch/middleware/debug_exceptions.rb:36:in `call'
web-console (4.0.4) lib/web_console/middleware.rb:132:in `call_app'
web-console (4.0.4) lib/web_console/middleware.rb:28:in `block in call'
web-console (4.0.4) lib/web_console/middleware.rb:17:in `catch'
web-console (4.0.4) lib/web_console/middleware.rb:17:in `call'
actionpack (6.0.3.3) lib/action_dispatch/middleware/show_exceptions.rb:33:in `call'
railties (6.0.3.3) lib/rails/rack/logger.rb:37:in `call_app'
railties (6.0.3.3) lib/rails/rack/logger.rb:26:in `block in call'
activesupport (6.0.3.3) lib/active_support/tagged_logging.rb:80:in `block in tagged'
activesupport (6.0.3.3) lib/active_support/tagged_logging.rb:28:in `tagged'
activesupport (6.0.3.3) lib/active_support/tagged_logging.rb:80:in `tagged'
railties (6.0.3.3) lib/rails/rack/logger.rb:26:in `call'
sprockets-rails (3.2.2) lib/sprockets/rails/quiet_assets.rb:13:in `call'
actionpack (6.0.3.3) lib/action_dispatch/middleware/remote_ip.rb:81:in `call'
actionpack (6.0.3.3) lib/action_dispatch/middleware/request_id.rb:27:in `call'
rack (2.2.3) lib/rack/method_override.rb:24:in `call'
rack (2.2.3) lib/rack/runtime.rb:22:in `call'
activesupport (6.0.3.3) lib/active_support/cache/strategy/local_cache_middleware.rb:29:in `call'
actionpack (6.0.3.3) lib/action_dispatch/middleware/executor.rb:14:in `call'
actionpack (6.0.3.3) lib/action_dispatch/middleware/static.rb:126:in `call'
rack (2.2.3) lib/rack/sendfile.rb:110:in `call'
actionpack (6.0.3.3) lib/action_dispatch/middleware/host_authorization.rb:82:in `call'
webpacker (4.3.0) lib/webpacker/dev_server_proxy.rb:23:in `perform_request'
rack-proxy (0.6.5) lib/rack/proxy.rb:57:in `call'
railties (6.0.3.3) lib/rails/engine.rb:527:in `call'
puma (4.3.6) lib/puma/configuration.rb:228:in `call'
puma (4.3.6) lib/puma/server.rb:713:in `handle_request'
puma (4.3.6) lib/puma/server.rb:472:in `process_client'
puma (4.3.6) lib/puma/server.rb:328:in `block in run'
puma (4.3.6) lib/puma/thread_pool.rb:134:in `block in spawn_thread'
Started GET "/posts" for ::1 at 2020-09-29 17:14:07 -0500
Processing by PostsController#index as HTML
  Rendering posts/index.html.erb within layouts/application
  [1m[36mPost Load (0.3ms)[0m  [1m[34mSELECT "posts".* FROM "posts" ORDER BY created_at DESC[0m
  ↳ app/views/posts/index.html.erb:13
  Rendered posts/index.html.erb within layouts/application (Duration: 2.6ms | Allocations: 1079)
[Webpacker] Everything's up-to-date. Nothing to do
Completed 200 OK in 10ms (Views: 8.5ms | ActiveRecord: 0.3ms | Allocations: 4492)


Started DELETE "/posts" for ::1 at 2020-09-29 17:14:11 -0500
  
ActionController::RoutingError (No route matches [DELETE] "/posts"):
  
actionpack (6.0.3.3) lib/action_dispatch/middleware/debug_exceptions.rb:36:in `call'
web-console (4.0.4) lib/web_console/middleware.rb:132:in `call_app'
web-console (4.0.4) lib/web_console/middleware.rb:28:in `block in call'
web-console (4.0.4) lib/web_console/middleware.rb:17:in `catch'
web-console (4.0.4) lib/web_console/middleware.rb:17:in `call'
actionpack (6.0.3.3) lib/action_dispatch/middleware/show_exceptions.rb:33:in `call'
railties (6.0.3.3) lib/rails/rack/logger.rb:37:in `call_app'
railties (6.0.3.3) lib/rails/rack/logger.rb:26:in `block in call'
activesupport (6.0.3.3) lib/active_support/tagged_logging.rb:80:in `block in tagged'
activesupport (6.0.3.3) lib/active_support/tagged_logging.rb:28:in `tagged'
activesupport (6.0.3.3) lib/active_support/tagged_logging.rb:80:in `tagged'
railties (6.0.3.3) lib/rails/rack/logger.rb:26:in `call'
sprockets-rails (3.2.2) lib/sprockets/rails/quiet_assets.rb:13:in `call'
actionpack (6.0.3.3) lib/action_dispatch/middleware/remote_ip.rb:81:in `call'
actionpack (6.0.3.3) lib/action_dispatch/middleware/request_id.rb:27:in `call'
rack (2.2.3) lib/rack/method_override.rb:24:in `call'
rack (2.2.3) lib/rack/runtime.rb:22:in `call'
activesupport (6.0.3.3) lib/active_support/cache/strategy/local_cache_middleware.rb:29:in `call'
actionpack (6.0.3.3) lib/action_dispatch/middleware/executor.rb:14:in `call'
actionpack (6.0.3.3) lib/action_dispatch/middleware/static.rb:126:in `call'
rack (2.2.3) lib/rack/sendfile.rb:110:in `call'
actionpack (6.0.3.3) lib/action_dispatch/middleware/host_authorization.rb:82:in `call'
webpacker (4.3.0) lib/webpacker/dev_server_proxy.rb:23:in `perform_request'
rack-proxy (0.6.5) lib/rack/proxy.rb:57:in `call'
railties (6.0.3.3) lib/rails/engine.rb:527:in `call'
puma (4.3.6) lib/puma/configuration.rb:228:in `call'
puma (4.3.6) lib/puma/server.rb:713:in `handle_request'
puma (4.3.6) lib/puma/server.rb:472:in `process_client'
puma (4.3.6) lib/puma/server.rb:328:in `block in run'
puma (4.3.6) lib/puma/thread_pool.rb:134:in `block in spawn_thread'
Started DELETE "/posts" for ::1 at 2020-09-29 17:14:28 -0500
  
ActionController::RoutingError (No route matches [DELETE] "/posts"):
  
actionpack (6.0.3.3) lib/action_dispatch/middleware/debug_exceptions.rb:36:in `call'
web-console (4.0.4) lib/web_console/middleware.rb:132:in `call_app'
web-console (4.0.4) lib/web_console/middleware.rb:28:in `block in call'
web-console (4.0.4) lib/web_console/middleware.rb:17:in `catch'
web-console (4.0.4) lib/web_console/middleware.rb:17:in `call'
actionpack (6.0.3.3) lib/action_dispatch/middleware/show_exceptions.rb:33:in `call'
railties (6.0.3.3) lib/rails/rack/logger.rb:37:in `call_app'
railties (6.0.3.3) lib/rails/rack/logger.rb:26:in `block in call'
activesupport (6.0.3.3) lib/active_support/tagged_logging.rb:80:in `block in tagged'
activesupport (6.0.3.3) lib/active_support/tagged_logging.rb:28:in `tagged'
activesupport (6.0.3.3) lib/active_support/tagged_logging.rb:80:in `tagged'
railties (6.0.3.3) lib/rails/rack/logger.rb:26:in `call'
sprockets-rails (3.2.2) lib/sprockets/rails/quiet_assets.rb:13:in `call'
actionpack (6.0.3.3) lib/action_dispatch/middleware/remote_ip.rb:81:in `call'
actionpack (6.0.3.3) lib/action_dispatch/middleware/request_id.rb:27:in `call'
rack (2.2.3) lib/rack/method_override.rb:24:in `call'
rack (2.2.3) lib/rack/runtime.rb:22:in `call'
activesupport (6.0.3.3) lib/active_support/cache/strategy/local_cache_middleware.rb:29:in `call'
actionpack (6.0.3.3) lib/action_dispatch/middleware/executor.rb:14:in `call'
actionpack (6.0.3.3) lib/action_dispatch/middleware/static.rb:126:in `call'
rack (2.2.3) lib/rack/sendfile.rb:110:in `call'
actionpack (6.0.3.3) lib/action_dispatch/middleware/host_authorization.rb:82:in `call'
webpacker (4.3.0) lib/webpacker/dev_server_proxy.rb:23:in `perform_request'
rack-proxy (0.6.5) lib/rack/proxy.rb:57:in `call'
railties (6.0.3.3) lib/rails/engine.rb:527:in `call'
puma (4.3.6) lib/puma/configuration.rb:228:in `call'
puma (4.3.6) lib/puma/server.rb:713:in `handle_request'
puma (4.3.6) lib/puma/server.rb:472:in `process_client'
puma (4.3.6) lib/puma/server.rb:328:in `block in run'
puma (4.3.6) lib/puma/thread_pool.rb:134:in `block in spawn_thread'
Started GET "/posts" for ::1 at 2020-09-29 17:14:33 -0500
Processing by PostsController#index as HTML
  Rendering posts/index.html.erb within layouts/application
  [1m[36mPost Load (0.2ms)[0m  [1m[34mSELECT "posts".* FROM "posts" ORDER BY created_at DESC[0m
  ↳ app/views/posts/index.html.erb:13
  Rendered posts/index.html.erb within layouts/application (Duration: 4.2ms | Allocations: 1328)
[Webpacker] Everything's up-to-date. Nothing to do
Completed 200 OK in 18ms (Views: 15.2ms | ActiveRecord: 0.2ms | Allocations: 5639)


Started GET "/posts" for ::1 at 2020-09-29 17:14:35 -0500
Processing by PostsController#index as HTML
  Rendering posts/index.html.erb within layouts/application
  [1m[36mPost Load (0.7ms)[0m  [1m[34mSELECT "posts".* FROM "posts" ORDER BY created_at DESC[0m
  ↳ app/views/posts/index.html.erb:13
  Rendered posts/index.html.erb within layouts/application (Duration: 5.2ms | Allocations: 1116)
[Webpacker] Everything's up-to-date. Nothing to do
Completed 200 OK in 14ms (Views: 10.9ms | ActiveRecord: 0.7ms | Allocations: 4516)


Started DELETE "/posts/2" for ::1 at 2020-09-29 17:14:38 -0500
Processing by PostsController#destroy as HTML
  Parameters: {"authenticity_token"=>"UE3sQxokELysBeXbj383/vN3oucYc4BEDO9smd9Yio97shZCMD1D7ZFGVSGdDqbMbnN/Lncz6qGLr4vhC4vTuA==", "id"=>"2"}
  [1m[36mPost Load (0.3ms)[0m  [1m[34mSELECT "posts".* FROM "posts" WHERE "posts"."id" = ? LIMIT ?[0m  [["id", 2], ["LIMIT", 1]]
  ↳ app/controllers/posts_controller.rb:68:in `set_post'
  [1m[35m (0.1ms)[0m  [1m[36mbegin transaction[0m
  ↳ app/controllers/posts_controller.rb:58:in `destroy'
  [1m[36mPost Destroy (0.4ms)[0m  [1m[31mDELETE FROM "posts" WHERE "posts"."id" = ?[0m  [["id", 2]]
  ↳ app/controllers/posts_controller.rb:58:in `destroy'
  [1m[35m (2.6ms)[0m  [1m[36mcommit transaction[0m
  ↳ app/controllers/posts_controller.rb:58:in `destroy'
Redirected to http://localhost:3000/posts
Completed 302 Found in 17ms (ActiveRecord: 3.4ms | Allocations: 3736)


Started GET "/posts" for ::1 at 2020-09-29 17:14:38 -0500
Processing by PostsController#index as HTML
  Rendering posts/index.html.erb within layouts/application
  [1m[36mPost Load (0.5ms)[0m  [1m[34mSELECT "posts".* FROM "posts" ORDER BY created_at DESC[0m
  ↳ app/views/posts/index.html.erb:13
  Rendered posts/index.html.erb within layouts/application (Duration: 3.5ms | Allocations: 996)
[Webpacker] Everything's up-to-date. Nothing to do
Completed 200 OK in 13ms (Views: 10.9ms | ActiveRecord: 0.5ms | Allocations: 4418)


Started DELETE "/posts/1" for ::1 at 2020-09-29 17:14:41 -0500
Processing by PostsController#destroy as HTML
  Parameters: {"authenticity_token"=>"a4tQZnDSQkq8KtoW3i2pt6G164sNEwe9wIHgAh523HRAdKpnWssRG4FpauzMXDiFPLE2QmJTbVhHwQd6yqWFQw==", "id"=>"1"}
  [1m[36mPost Load (0.5ms)[0m  [1m[34mSELECT "posts".* FROM "posts" WHERE "posts"."id" = ? LIMIT ?[0m  [["id", 1], ["LIMIT", 1]]
  ↳ app/controllers/posts_controller.rb:68:in `set_post'
  [1m[35m (0.1ms)[0m  [1m[36mbegin transaction[0m
  ↳ app/controllers/posts_controller.rb:58:in `destroy'
  [1m[36mPost Destroy (0.5ms)[0m  [1m[31mDELETE FROM "posts" WHERE "posts"."id" = ?[0m  [["id", 1]]
  ↳ app/controllers/posts_controller.rb:58:in `destroy'
  [1m[35m (7.7ms)[0m  [1m[36mcommit transaction[0m
  ↳ app/controllers/posts_controller.rb:58:in `destroy'
Redirected to http://localhost:3000/posts
Completed 302 Found in 21ms (ActiveRecord: 8.8ms | Allocations: 3744)


Started GET "/posts" for ::1 at 2020-09-29 17:14:41 -0500
Processing by PostsController#index as HTML
  Rendering posts/index.html.erb within layouts/application
  [1m[36mPost Load (0.4ms)[0m  [1m[34mSELECT "posts".* FROM "posts" ORDER BY created_at DESC[0m
  ↳ app/views/posts/index.html.erb:13
  Rendered posts/index.html.erb within layouts/application (Duration: 2.9ms | Allocations: 884)
[Webpacker] Everything's up-to-date. Nothing to do
Completed 200 OK in 12ms (Views: 10.3ms | ActiveRecord: 0.4ms | Allocations: 4292)


Started GET "/" for ::1 at 2020-09-29 17:15:14 -0500
Processing by PostsController#index as HTML
  Rendering posts/index.html.erb within layouts/application
  [1m[36mPost Load (0.3ms)[0m  [1m[34mSELECT "posts".* FROM "posts" ORDER BY created_at DESC[0m
  ↳ app/views/posts/index.html.erb:13
  Rendered posts/index.html.erb within layouts/application (Duration: 5.5ms | Allocations: 1102)
[Webpacker] Everything's up-to-date. Nothing to do
Completed 200 OK in 18ms (Views: 15.0ms | ActiveRecord: 0.3ms | Allocations: 5409)


  [1m[35m (0.7ms)[0m  [1m[34mSELECT sqlite_version(*)[0m
  [1m[36mPost Load (0.2ms)[0m  [1m[34mSELECT "posts".* FROM "posts" LIMIT ?[0m  [["LIMIT", 11]]
